<?xml version="1.0" encoding="UTF-8"?>
<!-- Generated by org.testng.reporters.JUnitReportReporter -->
<testsuite name="com.selenium.m1.Ecommerces" tests="1" time="89.793" ignored="0" failures="0" timestamp="07 Jun 2022 18:33:11 GMT" skipped="0" hostname="LAPTOP-9AFG13RK" errors="0">
  <testcase name="opening" time="89.793" classname="com.selenium.m1.Ecommerces"/>
</testsuite> <!-- com.selenium.m1.Ecommerces -->
