<?xml version="1.0" encoding="UTF-8"?>
<!-- Generated by org.testng.reporters.JUnitReportReporter -->
<testsuite name="com.selenium.m1.ecommerce" tests="1" time="26.401" ignored="0" failures="0" timestamp="27 May 2022 19:29:31 GMT" skipped="0" hostname="LAPTOP-9AFG13RK" errors="0">
  <testcase name="opening" time="26.401" classname="com.selenium.m1.ecommerce"/>
</testsuite> <!-- com.selenium.m1.ecommerce -->
