<?xml version="1.0" encoding="UTF-8"?>
<!-- Generated by org.testng.reporters.JUnitReportReporter -->
<testsuite name="com.selenium.basic.FirstSeleniumTest" tests="1" time="4.848" ignored="0" failures="0" timestamp="26 May 2022 10:12:50 GMT" skipped="0" hostname="LAPTOP-9AFG13RK" errors="0">
  <testcase name="verifyfacebookhomepage" time="4.848" classname="com.selenium.basic.FirstSeleniumTest"/>
</testsuite> <!-- com.selenium.basic.FirstSeleniumTest -->
