<?xml version="1.0" encoding="UTF-8"?>
<!-- Generated by org.testng.reporters.JUnitReportReporter -->
<testsuite name="com.selenium.webelement.signin" tests="1" time="10.596" ignored="0" failures="0" timestamp="03 Jun 2022 07:06:38 GMT" skipped="0" hostname="LAPTOP-9AFG13RK" errors="0">
  <testcase name="testrediffsignin" time="10.596" classname="com.selenium.webelement.signin"/>
</testsuite> <!-- com.selenium.webelement.signin -->
